[2020-06-11 10:15:18,722] {dag_processing.py:821} INFO - Processing files using up to 1 processes at a time 
[2020-06-11 10:15:18,722] {dag_processing.py:822} INFO - Process each file at most once every 0 seconds
[2020-06-11 10:15:18,722] {dag_processing.py:823} INFO - Checking for new files in /home/eltoulemonde/Documents/octo/dsin2/dags every 300 seconds
[2020-06-11 10:15:18,725] {dag_processing.py:1296} INFO - Finding 'running' jobs without a recent heartbeat
[2020-06-11 10:15:18,725] {dag_processing.py:1300} INFO - Failing jobs without heartbeat after 2020-06-11 08:10:18.725376+00:00
[2020-06-11 10:15:19,355] {dag_processing.py:1033} INFO - 
================================================================================
DAG File Processing Stats

File Path                                                                                                                                                    PID    Runtime      # DAGs    # Errors  Last Runtime    Last Run
-----------------------------------------------------------------------------------------------------------------------------------------------------------  -----  ---------  --------  ----------  --------------  -------------------
/home/eltoulemonde/Documents/octo/dsin2/dags/get_data_from_engie_hub_dag.py                                                                                                           0           0  0.61s           2020-06-11T08:15:19
/home/eltoulemonde/programs/anaconda3/envs/python_indus_avancee/lib/python3.8/site-packages/airflow/example_dags/example_latest_only.py                                               0           0
/home/eltoulemonde/programs/anaconda3/envs/python_indus_avancee/lib/python3.8/site-packages/airflow/example_dags/example_http_operator.py                                             0           0
/home/eltoulemonde/programs/anaconda3/envs/python_indus_avancee/lib/python3.8/site-packages/airflow/example_dags/example_trigger_target_dag.py                                        0           0
/home/eltoulemonde/programs/anaconda3/envs/python_indus_avancee/lib/python3.8/site-packages/airflow/example_dags/tutorial.py                                                          0           0
/home/eltoulemonde/programs/anaconda3/envs/python_indus_avancee/lib/python3.8/site-packages/airflow/example_dags/example_skip_dag.py                                                  0           0
/home/eltoulemonde/programs/anaconda3/envs/python_indus_avancee/lib/python3.8/site-packages/airflow/example_dags/example_pig_operator.py                                              0           0
/home/eltoulemonde/programs/anaconda3/envs/python_indus_avancee/lib/python3.8/site-packages/airflow/example_dags/example_external_task_marker_dag.py                                  0           0
/home/eltoulemonde/programs/anaconda3/envs/python_indus_avancee/lib/python3.8/site-packages/airflow/example_dags/example_complex.py                                                   0           0
/home/eltoulemonde/programs/anaconda3/envs/python_indus_avancee/lib/python3.8/site-packages/airflow/example_dags/example_branch_operator.py                                           0           0
/home/eltoulemonde/programs/anaconda3/envs/python_indus_avancee/lib/python3.8/site-packages/airflow/example_dags/example_latest_only_with_trigger.py                                  0           0
/home/eltoulemonde/programs/anaconda3/envs/python_indus_avancee/lib/python3.8/site-packages/airflow/example_dags/test_utils.py                                                        0           0
/home/eltoulemonde/programs/anaconda3/envs/python_indus_avancee/lib/python3.8/site-packages/airflow/example_dags/example_short_circuit_operator.py                                    0           0
/home/eltoulemonde/programs/anaconda3/envs/python_indus_avancee/lib/python3.8/site-packages/airflow/example_dags/example_subdag_operator.py                                           0           0
/home/eltoulemonde/programs/anaconda3/envs/python_indus_avancee/lib/python3.8/site-packages/airflow/example_dags/docker_copy_data.py                                                  0           0
/home/eltoulemonde/programs/anaconda3/envs/python_indus_avancee/lib/python3.8/site-packages/airflow/example_dags/example_bash_operator.py                                             0           0
/home/eltoulemonde/programs/anaconda3/envs/python_indus_avancee/lib/python3.8/site-packages/airflow/example_dags/example_trigger_controller_dag.py                                    0           0
/home/eltoulemonde/programs/anaconda3/envs/python_indus_avancee/lib/python3.8/site-packages/airflow/example_dags/example_python_operator.py                                           0           0
/home/eltoulemonde/programs/anaconda3/envs/python_indus_avancee/lib/python3.8/site-packages/airflow/example_dags/example_passing_params_via_test_command.py                           0           0
/home/eltoulemonde/programs/anaconda3/envs/python_indus_avancee/lib/python3.8/site-packages/airflow/example_dags/example_nested_branch_dag.py                                         0           0
/home/eltoulemonde/programs/anaconda3/envs/python_indus_avancee/lib/python3.8/site-packages/airflow/example_dags/example_docker_swarm_operator.py                                     0           0
/home/eltoulemonde/programs/anaconda3/envs/python_indus_avancee/lib/python3.8/site-packages/airflow/example_dags/example_branch_python_dop_operator_3.py                              0           0
/home/eltoulemonde/programs/anaconda3/envs/python_indus_avancee/lib/python3.8/site-packages/airflow/example_dags/example_docker_operator.py                                           0           0
/home/eltoulemonde/programs/anaconda3/envs/python_indus_avancee/lib/python3.8/site-packages/airflow/example_dags/example_xcom.py                                                      0           0
/home/eltoulemonde/programs/anaconda3/envs/python_indus_avancee/lib/python3.8/site-packages/airflow/example_dags/subdags/subdag.py                                                    0           0
================================================================================
[2020-06-11 10:15:30,707] {dag_processing.py:1296} INFO - Finding 'running' jobs without a recent heartbeat
[2020-06-11 10:15:30,707] {dag_processing.py:1300} INFO - Failing jobs without heartbeat after 2020-06-11 08:10:30.707681+00:00
[2020-06-11 10:15:42,717] {dag_processing.py:1296} INFO - Finding 'running' jobs without a recent heartbeat
[2020-06-11 10:15:42,718] {dag_processing.py:1300} INFO - Failing jobs without heartbeat after 2020-06-11 08:10:42.718226+00:00
[2020-06-11 10:15:50,837] {dag_processing.py:1033} INFO - 
================================================================================
DAG File Processing Stats

File Path                                                                                                                                                    PID    Runtime      # DAGs    # Errors  Last Runtime    Last Run
-----------------------------------------------------------------------------------------------------------------------------------------------------------  -----  ---------  --------  ----------  --------------  -------------------
/home/eltoulemonde/Documents/octo/dsin2/dags/get_data_from_engie_hub_dag.py                                                                                                           0           0  0.61s           2020-06-11T08:15:19
/home/eltoulemonde/programs/anaconda3/envs/python_indus_avancee/lib/python3.8/site-packages/airflow/example_dags/example_latest_only.py                                               0           0
/home/eltoulemonde/programs/anaconda3/envs/python_indus_avancee/lib/python3.8/site-packages/airflow/example_dags/example_http_operator.py                                             0           0  0.10s           2020-06-11T08:15:28
/home/eltoulemonde/programs/anaconda3/envs/python_indus_avancee/lib/python3.8/site-packages/airflow/example_dags/example_trigger_target_dag.py                                        0           0  0.10s           2020-06-11T08:15:30
/home/eltoulemonde/programs/anaconda3/envs/python_indus_avancee/lib/python3.8/site-packages/airflow/example_dags/tutorial.py                                                          0           0  0.11s           2020-06-11T08:15:50
/home/eltoulemonde/programs/anaconda3/envs/python_indus_avancee/lib/python3.8/site-packages/airflow/example_dags/example_skip_dag.py                                                  0           0  0.10s           2020-06-11T08:15:22
/home/eltoulemonde/programs/anaconda3/envs/python_indus_avancee/lib/python3.8/site-packages/airflow/example_dags/example_pig_operator.py                                              0           0  0.10s           2020-06-11T08:15:40
/home/eltoulemonde/programs/anaconda3/envs/python_indus_avancee/lib/python3.8/site-packages/airflow/example_dags/example_external_task_marker_dag.py                                  0           0
/home/eltoulemonde/programs/anaconda3/envs/python_indus_avancee/lib/python3.8/site-packages/airflow/example_dags/example_complex.py                                                   0           0  0.10s           2020-06-11T08:15:44
/home/eltoulemonde/programs/anaconda3/envs/python_indus_avancee/lib/python3.8/site-packages/airflow/example_dags/example_branch_operator.py                                           0           0  0.10s           2020-06-11T08:15:38
/home/eltoulemonde/programs/anaconda3/envs/python_indus_avancee/lib/python3.8/site-packages/airflow/example_dags/example_latest_only_with_trigger.py                                  0           0  0.10s           2020-06-11T08:15:20
/home/eltoulemonde/programs/anaconda3/envs/python_indus_avancee/lib/python3.8/site-packages/airflow/example_dags/test_utils.py                                                        0           0
/home/eltoulemonde/programs/anaconda3/envs/python_indus_avancee/lib/python3.8/site-packages/airflow/example_dags/example_short_circuit_operator.py                                    0           0  0.11s           2020-06-11T08:15:32
/home/eltoulemonde/programs/anaconda3/envs/python_indus_avancee/lib/python3.8/site-packages/airflow/example_dags/example_subdag_operator.py                                           0           0  0.20s           2020-06-11T08:15:42
/home/eltoulemonde/programs/anaconda3/envs/python_indus_avancee/lib/python3.8/site-packages/airflow/example_dags/docker_copy_data.py                                                  0           0  0.10s           2020-06-11T08:15:46
/home/eltoulemonde/programs/anaconda3/envs/python_indus_avancee/lib/python3.8/site-packages/airflow/example_dags/example_bash_operator.py                                             0           0
/home/eltoulemonde/programs/anaconda3/envs/python_indus_avancee/lib/python3.8/site-packages/airflow/example_dags/example_trigger_controller_dag.py                                    0           0
/home/eltoulemonde/programs/anaconda3/envs/python_indus_avancee/lib/python3.8/site-packages/airflow/example_dags/example_python_operator.py                                           0           0  0.10s           2020-06-11T08:15:36
/home/eltoulemonde/programs/anaconda3/envs/python_indus_avancee/lib/python3.8/site-packages/airflow/example_dags/example_passing_params_via_test_command.py                           0           0
/home/eltoulemonde/programs/anaconda3/envs/python_indus_avancee/lib/python3.8/site-packages/airflow/example_dags/example_nested_branch_dag.py                                         0           0  0.11s           2020-06-11T08:15:24
/home/eltoulemonde/programs/anaconda3/envs/python_indus_avancee/lib/python3.8/site-packages/airflow/example_dags/example_docker_swarm_operator.py                                     0           0  0.10s           2020-06-11T08:15:34
/home/eltoulemonde/programs/anaconda3/envs/python_indus_avancee/lib/python3.8/site-packages/airflow/example_dags/example_branch_python_dop_operator_3.py                              0           0  0.10s           2020-06-11T08:15:48
/home/eltoulemonde/programs/anaconda3/envs/python_indus_avancee/lib/python3.8/site-packages/airflow/example_dags/example_docker_operator.py                                           0           0
/home/eltoulemonde/programs/anaconda3/envs/python_indus_avancee/lib/python3.8/site-packages/airflow/example_dags/example_xcom.py                                                      0           0  0.11s           2020-06-11T08:15:26
/home/eltoulemonde/programs/anaconda3/envs/python_indus_avancee/lib/python3.8/site-packages/airflow/example_dags/subdags/subdag.py                                                    0           0
================================================================================
[2020-06-11 10:15:54,729] {dag_processing.py:1296} INFO - Finding 'running' jobs without a recent heartbeat
[2020-06-11 10:15:54,729] {dag_processing.py:1300} INFO - Failing jobs without heartbeat after 2020-06-11 08:10:54.729665+00:00
[2020-06-11 10:16:06,740] {dag_processing.py:1296} INFO - Finding 'running' jobs without a recent heartbeat
[2020-06-11 10:16:06,741] {dag_processing.py:1300} INFO - Failing jobs without heartbeat after 2020-06-11 08:11:06.741317+00:00
[2020-06-11 10:16:18,752] {dag_processing.py:1296} INFO - Finding 'running' jobs without a recent heartbeat
[2020-06-11 10:16:18,752] {dag_processing.py:1300} INFO - Failing jobs without heartbeat after 2020-06-11 08:11:18.752554+00:00
[2020-06-11 10:16:20,863] {dag_processing.py:1033} INFO - 
================================================================================
DAG File Processing Stats

File Path                                                                                                                                                    PID    Runtime      # DAGs    # Errors  Last Runtime    Last Run
-----------------------------------------------------------------------------------------------------------------------------------------------------------  -----  ---------  --------  ----------  --------------  -------------------
/home/eltoulemonde/Documents/octo/dsin2/dags/get_data_from_engie_hub_dag.py                                                                                                           0           0  0.51s           2020-06-11T08:16:09
/home/eltoulemonde/programs/anaconda3/envs/python_indus_avancee/lib/python3.8/site-packages/airflow/example_dags/example_latest_only.py                                               0           0  0.10s           2020-06-11T08:15:54
/home/eltoulemonde/programs/anaconda3/envs/python_indus_avancee/lib/python3.8/site-packages/airflow/example_dags/example_http_operator.py                                             0           0  0.10s           2020-06-11T08:16:18
/home/eltoulemonde/programs/anaconda3/envs/python_indus_avancee/lib/python3.8/site-packages/airflow/example_dags/example_trigger_target_dag.py                                        0           0  0.10s           2020-06-11T08:16:20
/home/eltoulemonde/programs/anaconda3/envs/python_indus_avancee/lib/python3.8/site-packages/airflow/example_dags/tutorial.py                                                          0           0  0.11s           2020-06-11T08:15:50
/home/eltoulemonde/programs/anaconda3/envs/python_indus_avancee/lib/python3.8/site-packages/airflow/example_dags/example_skip_dag.py                                                  0           0  0.10s           2020-06-11T08:16:12
/home/eltoulemonde/programs/anaconda3/envs/python_indus_avancee/lib/python3.8/site-packages/airflow/example_dags/example_pig_operator.py                                              0           0  0.10s           2020-06-11T08:15:40
/home/eltoulemonde/programs/anaconda3/envs/python_indus_avancee/lib/python3.8/site-packages/airflow/example_dags/example_external_task_marker_dag.py                                  0           0  0.10s           2020-06-11T08:15:56
/home/eltoulemonde/programs/anaconda3/envs/python_indus_avancee/lib/python3.8/site-packages/airflow/example_dags/example_complex.py                                                   0           0  0.10s           2020-06-11T08:15:44
/home/eltoulemonde/programs/anaconda3/envs/python_indus_avancee/lib/python3.8/site-packages/airflow/example_dags/example_branch_operator.py                                           0           0  0.10s           2020-06-11T08:15:38
/home/eltoulemonde/programs/anaconda3/envs/python_indus_avancee/lib/python3.8/site-packages/airflow/example_dags/example_latest_only_with_trigger.py                                  0           0  0.11s           2020-06-11T08:16:10
/home/eltoulemonde/programs/anaconda3/envs/python_indus_avancee/lib/python3.8/site-packages/airflow/example_dags/test_utils.py                                                        0           0  0.10s           2020-06-11T08:15:58
/home/eltoulemonde/programs/anaconda3/envs/python_indus_avancee/lib/python3.8/site-packages/airflow/example_dags/example_short_circuit_operator.py                                    0           0  0.11s           2020-06-11T08:15:32
/home/eltoulemonde/programs/anaconda3/envs/python_indus_avancee/lib/python3.8/site-packages/airflow/example_dags/example_subdag_operator.py                                           0           0  0.20s           2020-06-11T08:15:42
/home/eltoulemonde/programs/anaconda3/envs/python_indus_avancee/lib/python3.8/site-packages/airflow/example_dags/docker_copy_data.py                                                  0           0  0.10s           2020-06-11T08:15:46
/home/eltoulemonde/programs/anaconda3/envs/python_indus_avancee/lib/python3.8/site-packages/airflow/example_dags/example_bash_operator.py                                             0           0  0.11s           2020-06-11T08:16:02
/home/eltoulemonde/programs/anaconda3/envs/python_indus_avancee/lib/python3.8/site-packages/airflow/example_dags/example_trigger_controller_dag.py                                    0           0  0.10s           2020-06-11T08:15:52
/home/eltoulemonde/programs/anaconda3/envs/python_indus_avancee/lib/python3.8/site-packages/airflow/example_dags/example_python_operator.py                                           0           0  0.10s           2020-06-11T08:15:36
/home/eltoulemonde/programs/anaconda3/envs/python_indus_avancee/lib/python3.8/site-packages/airflow/example_dags/example_passing_params_via_test_command.py                           0           0  0.11s           2020-06-11T08:16:06
/home/eltoulemonde/programs/anaconda3/envs/python_indus_avancee/lib/python3.8/site-packages/airflow/example_dags/example_nested_branch_dag.py                                         0           0  0.10s           2020-06-11T08:16:14
/home/eltoulemonde/programs/anaconda3/envs/python_indus_avancee/lib/python3.8/site-packages/airflow/example_dags/example_docker_swarm_operator.py                                     0           0  0.10s           2020-06-11T08:15:34
/home/eltoulemonde/programs/anaconda3/envs/python_indus_avancee/lib/python3.8/site-packages/airflow/example_dags/example_branch_python_dop_operator_3.py                              0           0  0.10s           2020-06-11T08:15:48
/home/eltoulemonde/programs/anaconda3/envs/python_indus_avancee/lib/python3.8/site-packages/airflow/example_dags/example_docker_operator.py                                           0           0  0.10s           2020-06-11T08:16:00
/home/eltoulemonde/programs/anaconda3/envs/python_indus_avancee/lib/python3.8/site-packages/airflow/example_dags/example_xcom.py                                                      0           0  0.11s           2020-06-11T08:16:16
/home/eltoulemonde/programs/anaconda3/envs/python_indus_avancee/lib/python3.8/site-packages/airflow/example_dags/subdags/subdag.py                                                    0           0  0.10s           2020-06-11T08:16:04
================================================================================
[2020-06-11 10:16:30,762] {dag_processing.py:1296} INFO - Finding 'running' jobs without a recent heartbeat
[2020-06-11 10:16:30,763] {dag_processing.py:1300} INFO - Failing jobs without heartbeat after 2020-06-11 08:11:30.763256+00:00
[2020-06-11 10:16:42,773] {dag_processing.py:1296} INFO - Finding 'running' jobs without a recent heartbeat
[2020-06-11 10:16:42,774] {dag_processing.py:1300} INFO - Failing jobs without heartbeat after 2020-06-11 08:11:42.774183+00:00
[2020-06-11 10:16:50,895] {dag_processing.py:1033} INFO - 
================================================================================
DAG File Processing Stats

File Path                                                                                                                                                    PID    Runtime      # DAGs    # Errors  Last Runtime    Last Run
-----------------------------------------------------------------------------------------------------------------------------------------------------------  -----  ---------  --------  ----------  --------------  -------------------
/home/eltoulemonde/Documents/octo/dsin2/dags/get_data_from_engie_hub_dag.py                                                                                                           0           0  0.51s           2020-06-11T08:16:09
/home/eltoulemonde/programs/anaconda3/envs/python_indus_avancee/lib/python3.8/site-packages/airflow/example_dags/example_latest_only.py                                               0           0  0.10s           2020-06-11T08:16:44
/home/eltoulemonde/programs/anaconda3/envs/python_indus_avancee/lib/python3.8/site-packages/airflow/example_dags/example_http_operator.py                                             0           0  0.10s           2020-06-11T08:16:18
/home/eltoulemonde/programs/anaconda3/envs/python_indus_avancee/lib/python3.8/site-packages/airflow/example_dags/example_trigger_target_dag.py                                        0           0  0.10s           2020-06-11T08:16:20
/home/eltoulemonde/programs/anaconda3/envs/python_indus_avancee/lib/python3.8/site-packages/airflow/example_dags/tutorial.py                                                          0           0  0.10s           2020-06-11T08:16:40
/home/eltoulemonde/programs/anaconda3/envs/python_indus_avancee/lib/python3.8/site-packages/airflow/example_dags/example_skip_dag.py                                                  0           0  0.10s           2020-06-11T08:16:12
/home/eltoulemonde/programs/anaconda3/envs/python_indus_avancee/lib/python3.8/site-packages/airflow/example_dags/example_pig_operator.py                                              0           0  0.11s           2020-06-11T08:16:30
/home/eltoulemonde/programs/anaconda3/envs/python_indus_avancee/lib/python3.8/site-packages/airflow/example_dags/example_external_task_marker_dag.py                                  0           0  0.10s           2020-06-11T08:16:46
/home/eltoulemonde/programs/anaconda3/envs/python_indus_avancee/lib/python3.8/site-packages/airflow/example_dags/example_complex.py                                                   0           0  0.10s           2020-06-11T08:16:34
/home/eltoulemonde/programs/anaconda3/envs/python_indus_avancee/lib/python3.8/site-packages/airflow/example_dags/example_branch_operator.py                                           0           0  0.10s           2020-06-11T08:16:28
/home/eltoulemonde/programs/anaconda3/envs/python_indus_avancee/lib/python3.8/site-packages/airflow/example_dags/example_latest_only_with_trigger.py                                  0           0  0.11s           2020-06-11T08:16:10
/home/eltoulemonde/programs/anaconda3/envs/python_indus_avancee/lib/python3.8/site-packages/airflow/example_dags/test_utils.py                                                        0           0  0.11s           2020-06-11T08:16:48
/home/eltoulemonde/programs/anaconda3/envs/python_indus_avancee/lib/python3.8/site-packages/airflow/example_dags/example_short_circuit_operator.py                                    0           0  0.10s           2020-06-11T08:16:22
/home/eltoulemonde/programs/anaconda3/envs/python_indus_avancee/lib/python3.8/site-packages/airflow/example_dags/example_subdag_operator.py                                           0           0  0.20s           2020-06-11T08:16:32
/home/eltoulemonde/programs/anaconda3/envs/python_indus_avancee/lib/python3.8/site-packages/airflow/example_dags/docker_copy_data.py                                                  0           0  0.10s           2020-06-11T08:16:36
/home/eltoulemonde/programs/anaconda3/envs/python_indus_avancee/lib/python3.8/site-packages/airflow/example_dags/example_bash_operator.py                                             0           0  0.11s           2020-06-11T08:16:02
/home/eltoulemonde/programs/anaconda3/envs/python_indus_avancee/lib/python3.8/site-packages/airflow/example_dags/example_trigger_controller_dag.py                                    0           0  0.11s           2020-06-11T08:16:42
/home/eltoulemonde/programs/anaconda3/envs/python_indus_avancee/lib/python3.8/site-packages/airflow/example_dags/example_python_operator.py                                           0           0  0.10s           2020-06-11T08:16:26
/home/eltoulemonde/programs/anaconda3/envs/python_indus_avancee/lib/python3.8/site-packages/airflow/example_dags/example_passing_params_via_test_command.py                           0           0  0.11s           2020-06-11T08:16:06
/home/eltoulemonde/programs/anaconda3/envs/python_indus_avancee/lib/python3.8/site-packages/airflow/example_dags/example_nested_branch_dag.py                                         0           0  0.10s           2020-06-11T08:16:14
/home/eltoulemonde/programs/anaconda3/envs/python_indus_avancee/lib/python3.8/site-packages/airflow/example_dags/example_docker_swarm_operator.py                                     0           0  0.10s           2020-06-11T08:16:24
/home/eltoulemonde/programs/anaconda3/envs/python_indus_avancee/lib/python3.8/site-packages/airflow/example_dags/example_branch_python_dop_operator_3.py                              0           0  0.10s           2020-06-11T08:16:38
/home/eltoulemonde/programs/anaconda3/envs/python_indus_avancee/lib/python3.8/site-packages/airflow/example_dags/example_docker_operator.py                                           0           0  0.10s           2020-06-11T08:16:50
/home/eltoulemonde/programs/anaconda3/envs/python_indus_avancee/lib/python3.8/site-packages/airflow/example_dags/example_xcom.py                                                      0           0  0.11s           2020-06-11T08:16:16
/home/eltoulemonde/programs/anaconda3/envs/python_indus_avancee/lib/python3.8/site-packages/airflow/example_dags/subdags/subdag.py                                                    0           0  0.10s           2020-06-11T08:16:04
================================================================================
[2020-06-11 10:16:54,784] {dag_processing.py:1296} INFO - Finding 'running' jobs without a recent heartbeat
[2020-06-11 10:16:54,784] {dag_processing.py:1300} INFO - Failing jobs without heartbeat after 2020-06-11 08:11:54.784596+00:00
[2020-06-11 10:17:06,794] {dag_processing.py:1296} INFO - Finding 'running' jobs without a recent heartbeat
[2020-06-11 10:17:06,795] {dag_processing.py:1300} INFO - Failing jobs without heartbeat after 2020-06-11 08:12:06.795401+00:00
[2020-06-11 10:17:18,806] {dag_processing.py:1296} INFO - Finding 'running' jobs without a recent heartbeat
[2020-06-11 10:17:18,807] {dag_processing.py:1300} INFO - Failing jobs without heartbeat after 2020-06-11 08:12:18.807381+00:00
[2020-06-11 10:17:20,925] {dag_processing.py:1033} INFO - 
================================================================================
DAG File Processing Stats

File Path                                                                                                                                                    PID    Runtime      # DAGs    # Errors  Last Runtime    Last Run
-----------------------------------------------------------------------------------------------------------------------------------------------------------  -----  ---------  --------  ----------  --------------  -------------------
/home/eltoulemonde/Documents/octo/dsin2/dags/get_data_from_engie_hub_dag.py                                                                                                           0           0  1.12s           2020-06-11T08:16:59
/home/eltoulemonde/programs/anaconda3/envs/python_indus_avancee/lib/python3.8/site-packages/airflow/example_dags/example_latest_only.py                                               0           0  0.10s           2020-06-11T08:16:44
/home/eltoulemonde/programs/anaconda3/envs/python_indus_avancee/lib/python3.8/site-packages/airflow/example_dags/example_http_operator.py                                             0           0  0.10s           2020-06-11T08:17:08
/home/eltoulemonde/programs/anaconda3/envs/python_indus_avancee/lib/python3.8/site-packages/airflow/example_dags/example_trigger_target_dag.py                                        0           0  0.10s           2020-06-11T08:17:10
/home/eltoulemonde/programs/anaconda3/envs/python_indus_avancee/lib/python3.8/site-packages/airflow/example_dags/tutorial.py                                                          0           0  0.10s           2020-06-11T08:16:40
/home/eltoulemonde/programs/anaconda3/envs/python_indus_avancee/lib/python3.8/site-packages/airflow/example_dags/example_skip_dag.py                                                  0           0  0.11s           2020-06-11T08:17:02
/home/eltoulemonde/programs/anaconda3/envs/python_indus_avancee/lib/python3.8/site-packages/airflow/example_dags/example_pig_operator.py                                              0           0  0.10s           2020-06-11T08:17:20
/home/eltoulemonde/programs/anaconda3/envs/python_indus_avancee/lib/python3.8/site-packages/airflow/example_dags/example_external_task_marker_dag.py                                  0           0  0.10s           2020-06-11T08:16:46
/home/eltoulemonde/programs/anaconda3/envs/python_indus_avancee/lib/python3.8/site-packages/airflow/example_dags/example_complex.py                                                   0           0  0.10s           2020-06-11T08:16:34
/home/eltoulemonde/programs/anaconda3/envs/python_indus_avancee/lib/python3.8/site-packages/airflow/example_dags/example_branch_operator.py                                           0           0  0.11s           2020-06-11T08:17:18
/home/eltoulemonde/programs/anaconda3/envs/python_indus_avancee/lib/python3.8/site-packages/airflow/example_dags/example_latest_only_with_trigger.py                                  0           0  0.10s           2020-06-11T08:17:00
/home/eltoulemonde/programs/anaconda3/envs/python_indus_avancee/lib/python3.8/site-packages/airflow/example_dags/test_utils.py                                                        0           0  0.11s           2020-06-11T08:16:48
/home/eltoulemonde/programs/anaconda3/envs/python_indus_avancee/lib/python3.8/site-packages/airflow/example_dags/example_short_circuit_operator.py                                    0           0  0.11s           2020-06-11T08:17:12
/home/eltoulemonde/programs/anaconda3/envs/python_indus_avancee/lib/python3.8/site-packages/airflow/example_dags/example_subdag_operator.py                                           0           0  0.20s           2020-06-11T08:16:32
/home/eltoulemonde/programs/anaconda3/envs/python_indus_avancee/lib/python3.8/site-packages/airflow/example_dags/docker_copy_data.py                                                  0           0  0.10s           2020-06-11T08:16:36
/home/eltoulemonde/programs/anaconda3/envs/python_indus_avancee/lib/python3.8/site-packages/airflow/example_dags/example_bash_operator.py                                             0           0  0.10s           2020-06-11T08:16:52
/home/eltoulemonde/programs/anaconda3/envs/python_indus_avancee/lib/python3.8/site-packages/airflow/example_dags/example_trigger_controller_dag.py                                    0           0  0.11s           2020-06-11T08:16:42
/home/eltoulemonde/programs/anaconda3/envs/python_indus_avancee/lib/python3.8/site-packages/airflow/example_dags/example_python_operator.py                                           0           0  0.10s           2020-06-11T08:17:16
/home/eltoulemonde/programs/anaconda3/envs/python_indus_avancee/lib/python3.8/site-packages/airflow/example_dags/example_passing_params_via_test_command.py                           0           0  0.10s           2020-06-11T08:16:56
/home/eltoulemonde/programs/anaconda3/envs/python_indus_avancee/lib/python3.8/site-packages/airflow/example_dags/example_nested_branch_dag.py                                         0           0  0.10s           2020-06-11T08:17:04
/home/eltoulemonde/programs/anaconda3/envs/python_indus_avancee/lib/python3.8/site-packages/airflow/example_dags/example_docker_swarm_operator.py                                     0           0  0.11s           2020-06-11T08:17:14
/home/eltoulemonde/programs/anaconda3/envs/python_indus_avancee/lib/python3.8/site-packages/airflow/example_dags/example_branch_python_dop_operator_3.py                              0           0  0.10s           2020-06-11T08:16:38
/home/eltoulemonde/programs/anaconda3/envs/python_indus_avancee/lib/python3.8/site-packages/airflow/example_dags/example_docker_operator.py                                           0           0  0.10s           2020-06-11T08:16:50
/home/eltoulemonde/programs/anaconda3/envs/python_indus_avancee/lib/python3.8/site-packages/airflow/example_dags/example_xcom.py                                                      0           0  0.10s           2020-06-11T08:17:06
/home/eltoulemonde/programs/anaconda3/envs/python_indus_avancee/lib/python3.8/site-packages/airflow/example_dags/subdags/subdag.py                                                    0           0  0.10s           2020-06-11T08:16:54
================================================================================
[2020-06-11 10:17:30,817] {dag_processing.py:1296} INFO - Finding 'running' jobs without a recent heartbeat
[2020-06-11 10:17:30,818] {dag_processing.py:1300} INFO - Failing jobs without heartbeat after 2020-06-11 08:12:30.818342+00:00
[2020-06-11 10:17:42,828] {dag_processing.py:1296} INFO - Finding 'running' jobs without a recent heartbeat
[2020-06-11 10:17:42,829] {dag_processing.py:1300} INFO - Failing jobs without heartbeat after 2020-06-11 08:12:42.829481+00:00
[2020-06-11 10:17:44,197] {dag_processing.py:804} INFO - Exiting gracefully upon receiving signal 15
[2020-06-11 10:17:48,880] {dag_processing.py:821} INFO - Processing files using up to 1 processes at a time 
[2020-06-11 10:17:48,880] {dag_processing.py:822} INFO - Process each file at most once every 0 seconds
[2020-06-11 10:17:48,881] {dag_processing.py:823} INFO - Checking for new files in /home/eltoulemonde/Documents/octo/dsin2/dags every 300 seconds
[2020-06-11 10:17:48,883] {dag_processing.py:1296} INFO - Finding 'running' jobs without a recent heartbeat
[2020-06-11 10:17:48,884] {dag_processing.py:1300} INFO - Failing jobs without heartbeat after 2020-06-11 08:12:48.884218+00:00
[2020-06-11 10:17:49,428] {dag_processing.py:1033} INFO - 
================================================================================
DAG File Processing Stats

File Path                                                                                                                                                    PID    Runtime      # DAGs    # Errors  Last Runtime    Last Run
-----------------------------------------------------------------------------------------------------------------------------------------------------------  -----  ---------  --------  ----------  --------------  -------------------
/home/eltoulemonde/Documents/octo/dsin2/dags/get_data_from_engie_hub_dag.py                                                                                                           0           0  0.51s           2020-06-11T08:17:49
/home/eltoulemonde/programs/anaconda3/envs/python_indus_avancee/lib/python3.8/site-packages/airflow/example_dags/example_latest_only.py                                               0           0
/home/eltoulemonde/programs/anaconda3/envs/python_indus_avancee/lib/python3.8/site-packages/airflow/example_dags/example_http_operator.py                                             0           0
/home/eltoulemonde/programs/anaconda3/envs/python_indus_avancee/lib/python3.8/site-packages/airflow/example_dags/example_trigger_target_dag.py                                        0           0
/home/eltoulemonde/programs/anaconda3/envs/python_indus_avancee/lib/python3.8/site-packages/airflow/example_dags/tutorial.py                                                          0           0
/home/eltoulemonde/programs/anaconda3/envs/python_indus_avancee/lib/python3.8/site-packages/airflow/example_dags/example_skip_dag.py                                                  0           0
/home/eltoulemonde/programs/anaconda3/envs/python_indus_avancee/lib/python3.8/site-packages/airflow/example_dags/example_pig_operator.py                                              0           0
/home/eltoulemonde/programs/anaconda3/envs/python_indus_avancee/lib/python3.8/site-packages/airflow/example_dags/example_external_task_marker_dag.py                                  0           0
/home/eltoulemonde/programs/anaconda3/envs/python_indus_avancee/lib/python3.8/site-packages/airflow/example_dags/example_complex.py                                                   0           0
/home/eltoulemonde/programs/anaconda3/envs/python_indus_avancee/lib/python3.8/site-packages/airflow/example_dags/example_branch_operator.py                                           0           0
/home/eltoulemonde/programs/anaconda3/envs/python_indus_avancee/lib/python3.8/site-packages/airflow/example_dags/example_latest_only_with_trigger.py                                  0           0
/home/eltoulemonde/programs/anaconda3/envs/python_indus_avancee/lib/python3.8/site-packages/airflow/example_dags/test_utils.py                                                        0           0
/home/eltoulemonde/programs/anaconda3/envs/python_indus_avancee/lib/python3.8/site-packages/airflow/example_dags/example_short_circuit_operator.py                                    0           0
/home/eltoulemonde/programs/anaconda3/envs/python_indus_avancee/lib/python3.8/site-packages/airflow/example_dags/example_subdag_operator.py                                           0           0
/home/eltoulemonde/programs/anaconda3/envs/python_indus_avancee/lib/python3.8/site-packages/airflow/example_dags/docker_copy_data.py                                                  0           0
/home/eltoulemonde/programs/anaconda3/envs/python_indus_avancee/lib/python3.8/site-packages/airflow/example_dags/example_bash_operator.py                                             0           0
/home/eltoulemonde/programs/anaconda3/envs/python_indus_avancee/lib/python3.8/site-packages/airflow/example_dags/example_trigger_controller_dag.py                                    0           0
/home/eltoulemonde/programs/anaconda3/envs/python_indus_avancee/lib/python3.8/site-packages/airflow/example_dags/example_python_operator.py                                           0           0
/home/eltoulemonde/programs/anaconda3/envs/python_indus_avancee/lib/python3.8/site-packages/airflow/example_dags/example_passing_params_via_test_command.py                           0           0
/home/eltoulemonde/programs/anaconda3/envs/python_indus_avancee/lib/python3.8/site-packages/airflow/example_dags/example_nested_branch_dag.py                                         0           0
/home/eltoulemonde/programs/anaconda3/envs/python_indus_avancee/lib/python3.8/site-packages/airflow/example_dags/example_docker_swarm_operator.py                                     0           0
/home/eltoulemonde/programs/anaconda3/envs/python_indus_avancee/lib/python3.8/site-packages/airflow/example_dags/example_branch_python_dop_operator_3.py                              0           0
/home/eltoulemonde/programs/anaconda3/envs/python_indus_avancee/lib/python3.8/site-packages/airflow/example_dags/example_docker_operator.py                                           0           0
/home/eltoulemonde/programs/anaconda3/envs/python_indus_avancee/lib/python3.8/site-packages/airflow/example_dags/example_xcom.py                                                      0           0
/home/eltoulemonde/programs/anaconda3/envs/python_indus_avancee/lib/python3.8/site-packages/airflow/example_dags/subdags/subdag.py                                                    0           0
================================================================================
[2020-06-11 10:18:00,848] {dag_processing.py:1296} INFO - Finding 'running' jobs without a recent heartbeat
[2020-06-11 10:18:00,848] {dag_processing.py:1300} INFO - Failing jobs without heartbeat after 2020-06-11 08:13:00.848423+00:00
[2020-06-11 10:18:12,856] {dag_processing.py:1296} INFO - Finding 'running' jobs without a recent heartbeat
[2020-06-11 10:18:12,857] {dag_processing.py:1300} INFO - Failing jobs without heartbeat after 2020-06-11 08:13:12.857533+00:00
[2020-06-11 10:18:20,979] {dag_processing.py:1033} INFO - 
================================================================================
DAG File Processing Stats

File Path                                                                                                                                                    PID    Runtime      # DAGs    # Errors  Last Runtime    Last Run
-----------------------------------------------------------------------------------------------------------------------------------------------------------  -----  ---------  --------  ----------  --------------  -------------------
/home/eltoulemonde/Documents/octo/dsin2/dags/get_data_from_engie_hub_dag.py                                                                                                           0           0  0.51s           2020-06-11T08:17:49
/home/eltoulemonde/programs/anaconda3/envs/python_indus_avancee/lib/python3.8/site-packages/airflow/example_dags/example_latest_only.py                                               0           0
/home/eltoulemonde/programs/anaconda3/envs/python_indus_avancee/lib/python3.8/site-packages/airflow/example_dags/example_http_operator.py                                             0           0  0.10s           2020-06-11T08:18:08
/home/eltoulemonde/programs/anaconda3/envs/python_indus_avancee/lib/python3.8/site-packages/airflow/example_dags/example_trigger_target_dag.py                                        0           0
/home/eltoulemonde/programs/anaconda3/envs/python_indus_avancee/lib/python3.8/site-packages/airflow/example_dags/tutorial.py                                                          0           0
/home/eltoulemonde/programs/anaconda3/envs/python_indus_avancee/lib/python3.8/site-packages/airflow/example_dags/example_skip_dag.py                                                  0           0  0.10s           2020-06-11T08:18:00
/home/eltoulemonde/programs/anaconda3/envs/python_indus_avancee/lib/python3.8/site-packages/airflow/example_dags/example_pig_operator.py                                              0           0
/home/eltoulemonde/programs/anaconda3/envs/python_indus_avancee/lib/python3.8/site-packages/airflow/example_dags/example_external_task_marker_dag.py                                  0           0  0.10s           2020-06-11T08:18:10
/home/eltoulemonde/programs/anaconda3/envs/python_indus_avancee/lib/python3.8/site-packages/airflow/example_dags/example_complex.py                                                   0           0
/home/eltoulemonde/programs/anaconda3/envs/python_indus_avancee/lib/python3.8/site-packages/airflow/example_dags/example_branch_operator.py                                           0           0  0.21s           2020-06-11T08:18:03
/home/eltoulemonde/programs/anaconda3/envs/python_indus_avancee/lib/python3.8/site-packages/airflow/example_dags/example_latest_only_with_trigger.py                                  0           0  0.11s           2020-06-11T08:18:16
/home/eltoulemonde/programs/anaconda3/envs/python_indus_avancee/lib/python3.8/site-packages/airflow/example_dags/test_utils.py                                                        0           0  0.10s           2020-06-11T08:17:56
/home/eltoulemonde/programs/anaconda3/envs/python_indus_avancee/lib/python3.8/site-packages/airflow/example_dags/example_short_circuit_operator.py                                    0           0  0.10s           2020-06-11T08:18:12
/home/eltoulemonde/programs/anaconda3/envs/python_indus_avancee/lib/python3.8/site-packages/airflow/example_dags/example_subdag_operator.py                                           0           0  0.10s           2020-06-11T08:18:04
/home/eltoulemonde/programs/anaconda3/envs/python_indus_avancee/lib/python3.8/site-packages/airflow/example_dags/docker_copy_data.py                                                  0           0  0.10s           2020-06-11T08:18:20
/home/eltoulemonde/programs/anaconda3/envs/python_indus_avancee/lib/python3.8/site-packages/airflow/example_dags/example_bash_operator.py                                             0           0  0.10s           2020-06-11T08:18:06
/home/eltoulemonde/programs/anaconda3/envs/python_indus_avancee/lib/python3.8/site-packages/airflow/example_dags/example_trigger_controller_dag.py                                    0           0  0.11s           2020-06-11T08:17:50
/home/eltoulemonde/programs/anaconda3/envs/python_indus_avancee/lib/python3.8/site-packages/airflow/example_dags/example_python_operator.py                                           0           0
/home/eltoulemonde/programs/anaconda3/envs/python_indus_avancee/lib/python3.8/site-packages/airflow/example_dags/example_passing_params_via_test_command.py                           0           0  0.20s           2020-06-11T08:17:55
/home/eltoulemonde/programs/anaconda3/envs/python_indus_avancee/lib/python3.8/site-packages/airflow/example_dags/example_nested_branch_dag.py                                         0           0  0.11s           2020-06-11T08:18:14
/home/eltoulemonde/programs/anaconda3/envs/python_indus_avancee/lib/python3.8/site-packages/airflow/example_dags/example_docker_swarm_operator.py                                     0           0  0.11s           2020-06-11T08:17:52
/home/eltoulemonde/programs/anaconda3/envs/python_indus_avancee/lib/python3.8/site-packages/airflow/example_dags/example_branch_python_dop_operator_3.py                              0           0
/home/eltoulemonde/programs/anaconda3/envs/python_indus_avancee/lib/python3.8/site-packages/airflow/example_dags/example_docker_operator.py                                           0           0  0.11s           2020-06-11T08:18:18
/home/eltoulemonde/programs/anaconda3/envs/python_indus_avancee/lib/python3.8/site-packages/airflow/example_dags/example_xcom.py                                                      0           0  0.10s           2020-06-11T08:17:58
/home/eltoulemonde/programs/anaconda3/envs/python_indus_avancee/lib/python3.8/site-packages/airflow/example_dags/subdags/subdag.py                                                    0           0
================================================================================
[2020-06-11 10:18:24,868] {dag_processing.py:1296} INFO - Finding 'running' jobs without a recent heartbeat
[2020-06-11 10:18:24,869] {dag_processing.py:1300} INFO - Failing jobs without heartbeat after 2020-06-11 08:13:24.869453+00:00
[2020-06-11 10:18:35,568] {dag_processing.py:804} INFO - Exiting gracefully upon receiving signal 15
